<?xml version="1.0" encoding="UTF-8"?>
<testng-results skipped="0" failed="0" ignored="0" total="2" passed="2">
  <reporter-output>
  </reporter-output>
  <suite name="Default suite" duration-ms="56" started-at="2020-03-27T17:43:49Z" finished-at="2020-03-27T17:43:49Z">
    <groups>
    </groups>
    <test name="Default test" duration-ms="56" started-at="2020-03-27T17:43:49Z" finished-at="2020-03-27T17:43:49Z">
      <class name="com.testng.TestEmployeeDetails">
        <test-method status="PASS" signature="testCalculateAppriasal()[pri:0, instance:com.testng.TestEmployeeDetails@5e5792a0]" name="testCalculateAppriasal" duration-ms="12" started-at="2020-03-27T17:43:49Z" finished-at="2020-03-27T17:43:49Z">
          <reporter-output>
          </reporter-output>
        </test-method> <!-- testCalculateAppriasal -->
        <test-method status="PASS" signature="testCalculateYearlySalary()[pri:0, instance:com.testng.TestEmployeeDetails@5e5792a0]" name="testCalculateYearlySalary" duration-ms="1" started-at="2020-03-27T17:43:49Z" finished-at="2020-03-27T17:43:49Z">
          <reporter-output>
          </reporter-output>
        </test-method> <!-- testCalculateYearlySalary -->
      </class> <!-- com.testng.TestEmployeeDetails -->
    </test> <!-- Default test -->
  </suite> <!-- Default suite -->
</testng-results>
